{"/home/travis/build/kaizhu256/node-swgg-google-translate/test.js":{"path":"/home/travis/build/kaizhu256/node-swgg-google-translate/test.js","s":{"1":2,"2":2,"3":2,"4":2,"5":2,"6":2,"7":2,"8":1,"9":2,"10":2,"11":2},"b":{"1":[2,1,1,1],"2":[1,1,1,1],"3":[1,1],"4":[2,1]},"f":{"1":2,"2":2,"3":2},"fnMap":{"1":{"name":"(anonymous_1)","line":12,"loc":{"start":{"line":12,"column":1},"end":{"line":12,"column":13}}},"2":{"name":"(anonymous_2)","line":19,"loc":{"start":{"line":19,"column":5},"end":{"line":19,"column":17}}},"3":{"name":"(anonymous_3)","line":23,"loc":{"start":{"line":23,"column":24},"end":{"line":23,"column":36}}}},"statementMap":{"1":{"start":{"line":12,"column":0},"end":{"line":46,"column":5}},"2":{"start":{"line":14,"column":4},"end":{"line":14,"column":14}},"3":{"start":{"line":19,"column":4},"end":{"line":45,"column":9}},"4":{"start":{"line":21,"column":8},"end":{"line":21,"column":19}},"5":{"start":{"line":23,"column":8},"end":{"line":35,"column":13}},"6":{"start":{"line":24,"column":12},"end":{"line":34,"column":13}},"7":{"start":{"line":25,"column":16},"end":{"line":28,"column":30}},"8":{"start":{"line":30,"column":16},"end":{"line":33,"column":27}},"9":{"start":{"line":37,"column":8},"end":{"line":39,"column":21}},"10":{"start":{"line":41,"column":8},"end":{"line":42,"column":68}},"11":{"start":{"line":44,"column":8},"end":{"line":44,"column":33}}},"branchMap":{"1":{"line":25,"type":"binary-expr","locations":[{"start":{"line":25,"column":23},"end":{"line":25,"column":62}},{"start":{"line":26,"column":20},"end":{"line":26,"column":70}},{"start":{"line":27,"column":20},"end":{"line":27,"column":71}},{"start":{"line":28,"column":20},"end":{"line":28,"column":29}}]},"2":{"line":30,"type":"binary-expr","locations":[{"start":{"line":30,"column":23},"end":{"line":30,"column":37}},{"start":{"line":31,"column":20},"end":{"line":31,"column":61}},{"start":{"line":32,"column":20},"end":{"line":32,"column":70}},{"start":{"line":33,"column":20},"end":{"line":33,"column":26}}]},"3":{"line":37,"type":"cond-expr","locations":[{"start":{"line":38,"column":14},"end":{"line":38,"column":20}},{"start":{"line":39,"column":14},"end":{"line":39,"column":20}}]},"4":{"line":41,"type":"binary-expr","locations":[{"start":{"line":41,"column":38},"end":{"line":41,"column":59}},{"start":{"line":42,"column":12},"end":{"line":42,"column":50}}]}},"code":["/* istanbul instrument in package swgg_google_translate */","/*jslint","    bitwise: true,","    browser: true,","    maxerr: 8,","    maxlen: 100,","    node: true,","    nomen: true,","    regexp: true,","    stupid: true","*/","(function () {","    'use strict';","    var local;","","","","    // run shared js-env code - init-before","    (function () {","        // init local","        local = {};","        // init modeJs","        local.modeJs = (function () {","            try {","                return typeof navigator.userAgent === 'string' &&","                    typeof document.querySelector('body') === 'object' &&","                    typeof XMLHttpRequest.prototype.open === 'function' &&","                    'browser';","            } catch (errorCaughtBrowser) {","                return module.exports &&","                    typeof process.versions.node === 'string' &&","                    typeof require('http').createServer === 'function' &&","                    'node';","            }","        }());","        // init global","        local.global = local.modeJs === 'browser'","            ? window","            : global;","        // re-init local","        local = local.global.local = (local.global.utility2 ||","            require('./assets.utility2.rollup.js')).requireReadme();","        // init test","        local.testRunInit(local);","    }());","}());",""],"l":{"12":2,"14":2,"19":2,"21":2,"23":2,"24":2,"25":2,"30":1,"37":2,"41":2,"44":2}},"/home/travis/build/kaizhu256/node-swgg-google-translate/lib.swgg_google_translate.js":{"path":"/home/travis/build/kaizhu256/node-swgg-google-translate/lib.swgg_google_translate.js","s":{"1":2,"2":2,"3":2,"4":2,"5":2,"6":2,"7":2,"8":1,"9":2,"10":2,"11":2,"12":2,"13":1,"14":1,"15":83,"16":33,"17":1,"18":1,"19":1,"20":1},"b":{"1":[2,1,1,1],"2":[1,1,1,1],"3":[1,1],"4":[2,2],"5":[1,1],"6":[33,50],"7":[83,83],"8":[1,1]},"f":{"1":2,"2":2,"3":2,"4":83},"fnMap":{"1":{"name":"(anonymous_1)","line":12,"loc":{"start":{"line":12,"column":1},"end":{"line":12,"column":13}}},"2":{"name":"(anonymous_2)","line":19,"loc":{"start":{"line":19,"column":5},"end":{"line":19,"column":17}}},"3":{"name":"(anonymous_3)","line":23,"loc":{"start":{"line":23,"column":24},"end":{"line":23,"column":36}}},"4":{"name":"(anonymous_4)","line":49,"loc":{"start":{"line":49,"column":60},"end":{"line":49,"column":75}}}},"statementMap":{"1":{"start":{"line":12,"column":0},"end":{"line":61,"column":5}},"2":{"start":{"line":14,"column":4},"end":{"line":14,"column":14}},"3":{"start":{"line":19,"column":4},"end":{"line":60,"column":9}},"4":{"start":{"line":21,"column":8},"end":{"line":21,"column":19}},"5":{"start":{"line":23,"column":8},"end":{"line":35,"column":13}},"6":{"start":{"line":24,"column":12},"end":{"line":34,"column":13}},"7":{"start":{"line":25,"column":16},"end":{"line":28,"column":30}},"8":{"start":{"line":30,"column":16},"end":{"line":33,"column":27}},"9":{"start":{"line":37,"column":8},"end":{"line":39,"column":21}},"10":{"start":{"line":41,"column":8},"end":{"line":41,"column":54}},"11":{"start":{"line":43,"column":8},"end":{"line":43,"column":58}},"12":{"start":{"line":45,"column":8},"end":{"line":59,"column":9}},"13":{"start":{"line":46,"column":12},"end":{"line":46,"column":64}},"14":{"start":{"line":49,"column":12},"end":{"line":53,"column":15}},"15":{"start":{"line":50,"column":16},"end":{"line":52,"column":17}},"16":{"start":{"line":51,"column":20},"end":{"line":51,"column":46}},"17":{"start":{"line":54,"column":12},"end":{"line":54,"column":35}},"18":{"start":{"line":55,"column":12},"end":{"line":55,"column":49}},"19":{"start":{"line":56,"column":12},"end":{"line":56,"column":43}},"20":{"start":{"line":57,"column":12},"end":{"line":58,"column":55}}},"branchMap":{"1":{"line":25,"type":"binary-expr","locations":[{"start":{"line":25,"column":23},"end":{"line":25,"column":62}},{"start":{"line":26,"column":20},"end":{"line":26,"column":70}},{"start":{"line":27,"column":20},"end":{"line":27,"column":71}},{"start":{"line":28,"column":20},"end":{"line":28,"column":29}}]},"2":{"line":30,"type":"binary-expr","locations":[{"start":{"line":30,"column":23},"end":{"line":30,"column":37}},{"start":{"line":31,"column":20},"end":{"line":31,"column":61}},{"start":{"line":32,"column":20},"end":{"line":32,"column":70}},{"start":{"line":33,"column":20},"end":{"line":33,"column":26}}]},"3":{"line":37,"type":"cond-expr","locations":[{"start":{"line":38,"column":14},"end":{"line":38,"column":20}},{"start":{"line":39,"column":14},"end":{"line":39,"column":20}}]},"4":{"line":41,"type":"binary-expr","locations":[{"start":{"line":41,"column":16},"end":{"line":41,"column":44}},{"start":{"line":41,"column":48},"end":{"line":41,"column":53}}]},"5":{"line":45,"type":"if","locations":[{"start":{"line":45,"column":8},"end":{"line":45,"column":8}},{"start":{"line":45,"column":8},"end":{"line":45,"column":8}}]},"6":{"line":50,"type":"if","locations":[{"start":{"line":50,"column":16},"end":{"line":50,"column":16}},{"start":{"line":50,"column":16},"end":{"line":50,"column":16}}]},"7":{"line":50,"type":"binary-expr","locations":[{"start":{"line":50,"column":20},"end":{"line":50,"column":31}},{"start":{"line":50,"column":35},"end":{"line":50,"column":61}}]},"8":{"line":57,"type":"binary-expr","locations":[{"start":{"line":57,"column":29},"end":{"line":57,"column":57}},{"start":{"line":58,"column":16},"end":{"line":58,"column":54}}]}},"code":["/* istanbul instrument in package swgg_google_translate */","/*jslint","    bitwise: true,","    browser: true,","    maxerr: 8,","    maxlen: 100,","    node: true,","    nomen: true,","    regexp: true,","    stupid: true","*/","(function () {","    'use strict';","    var local;","","","","    // run shared js-env code - init-before","    (function () {","        // init local","        local = {};","        // init modeJs","        local.modeJs = (function () {","            try {","                return typeof navigator.userAgent === 'string' &&","                    typeof document.querySelector('body') === 'object' &&","                    typeof XMLHttpRequest.prototype.open === 'function' &&","                    'browser';","            } catch (errorCaughtBrowser) {","                return module.exports &&","                    typeof process.versions.node === 'string' &&","                    typeof require('http').createServer === 'function' &&","                    'node';","            }","        }());","        // init global","        local.global = local.modeJs === 'browser'","            ? window","            : global;","        // init utility2_rollup","        local = local.global.utility2_rollup || local;","        // init lib","        local.local = local.swgg_google_translate = local;","        // init exports","        if (local.modeJs === 'browser') {","            local.global.utility2_swgg_google_translate = local;","        } else {","            // require builtins","            Object.keys(process.binding('natives')).forEach(function (key) {","                if (!local[key] && !(/\\/|^_|^sys$/).test(key)) {","                    local[key] = require(key);","                }","            });","            module.exports = local;","            module.exports.__dirname = __dirname;","            module.exports.module = module;","            module.exports = local.global.utility2_rollup ||","                require('./assets.utility2.rollup.js');","        }","    }());","}());",""],"l":{"12":2,"14":2,"19":2,"21":2,"23":2,"24":2,"25":2,"30":1,"37":2,"41":2,"43":2,"45":2,"46":1,"49":1,"50":83,"51":33,"54":1,"55":1,"56":1,"57":1}},"/home/travis/build/kaizhu256/node-swgg-google-translate/example.js":{"path":"/home/travis/build/kaizhu256/node-swgg-google-translate/example.js","s":{"1":2,"2":2,"3":2,"4":2,"5":2,"6":2,"7":2,"8":1,"9":2,"10":2,"11":2,"12":2,"13":1,"14":0,"15":0,"16":0,"17":0,"18":0,"19":0,"20":0,"21":0,"22":0,"23":0,"24":0,"25":0,"26":0,"27":0,"28":0,"29":0,"30":0,"31":0,"32":0,"33":0,"34":0,"35":0,"36":0,"37":0,"38":0,"39":0,"40":0,"41":0,"42":0,"43":0,"44":0,"45":0,"46":0,"47":0,"48":0,"49":0,"50":0,"51":1,"52":1,"53":83,"54":0,"55":1,"56":1,"57":4,"58":4,"59":4,"60":1,"61":1,"62":0,"63":0,"64":0,"65":0,"66":0,"67":0,"68":0,"69":1,"70":1,"71":0,"72":0,"73":0,"74":0,"75":0,"76":0,"77":0,"78":0,"79":0,"80":0,"81":0,"82":0,"83":0,"84":0,"85":0,"86":0,"87":0},"b":{"1":[2,1,1,1],"2":[1,1,1,1],"3":[1,1],"4":[2,2],"5":[1,1],"6":[0,1],"7":[0,0],"8":[0,0,0,0,0,0],"9":[0,0,0],"10":[0,0],"11":[0,0,0],"12":[0,0],"13":[0,0],"14":[0,0,0,0,0,0,0],"15":[0,0],"16":[0,0],"17":[0,83],"18":[83,50],"19":[1,0],"20":[4,1],"21":[1,3],"22":[0,0,0,0,0],"23":[1,0],"24":[1,0],"25":[0,0],"26":[0,0],"27":[0,0],"28":[0,0],"29":[0,0],"30":[0,0],"31":[0,0]},"f":{"1":2,"2":2,"3":2,"4":0,"5":0,"6":0,"7":0,"8":0,"9":0,"10":0,"11":83,"12":4,"13":0,"14":0},"fnMap":{"1":{"name":"(anonymous_1)","line":129,"loc":{"start":{"line":129,"column":1},"end":{"line":129,"column":13}}},"2":{"name":"(anonymous_2)","line":136,"loc":{"start":{"line":136,"column":5},"end":{"line":136,"column":17}}},"3":{"name":"(anonymous_3)","line":140,"loc":{"start":{"line":140,"column":24},"end":{"line":140,"column":36}}},"4":{"name":"(anonymous_4)","line":173,"loc":{"start":{"line":173,"column":31},"end":{"line":173,"column":48}},"skip":true},"5":{"name":"(anonymous_5)","line":182,"loc":{"start":{"line":182,"column":26},"end":{"line":182,"column":45}},"skip":true},"6":{"name":"(anonymous_6)","line":227,"loc":{"start":{"line":227,"column":33},"end":{"line":227,"column":48}},"skip":true},"7":{"name":"(anonymous_7)","line":229,"loc":{"start":{"line":229,"column":27},"end":{"line":229,"column":39}},"skip":true},"8":{"name":"(anonymous_8)","line":237,"loc":{"start":{"line":237,"column":59},"end":{"line":237,"column":74}},"skip":true},"9":{"name":"(anonymous_9)","line":247,"loc":{"start":{"line":247,"column":45},"end":{"line":247,"column":62}},"skip":true},"10":{"name":"(anonymous_10)","line":248,"loc":{"start":{"line":248,"column":73},"end":{"line":248,"column":92}},"skip":true},"11":{"name":"(anonymous_11)","line":264,"loc":{"start":{"line":264,"column":56},"end":{"line":264,"column":71}},"skip":true},"12":{"name":"(anonymous_12)","line":276,"loc":{"start":{"line":276,"column":18},"end":{"line":276,"column":34}},"skip":true},"13":{"name":"(anonymous_13)","line":289,"loc":{"start":{"line":289,"column":47},"end":{"line":289,"column":73}},"skip":true},"14":{"name":"(anonymous_14)","line":333,"loc":{"start":{"line":333,"column":32},"end":{"line":333,"column":61}},"skip":true}},"statementMap":{"1":{"start":{"line":129,"column":0},"end":{"line":344,"column":5}},"2":{"start":{"line":131,"column":4},"end":{"line":131,"column":14}},"3":{"start":{"line":136,"column":4},"end":{"line":165,"column":9}},"4":{"start":{"line":138,"column":8},"end":{"line":138,"column":19}},"5":{"start":{"line":140,"column":8},"end":{"line":152,"column":13}},"6":{"start":{"line":141,"column":12},"end":{"line":151,"column":13}},"7":{"start":{"line":142,"column":16},"end":{"line":145,"column":30}},"8":{"start":{"line":147,"column":16},"end":{"line":150,"column":27}},"9":{"start":{"line":154,"column":8},"end":{"line":156,"column":21}},"10":{"start":{"line":158,"column":8},"end":{"line":160,"column":45}},"11":{"start":{"line":162,"column":8},"end":{"line":162,"column":35}},"12":{"start":{"line":164,"column":8},"end":{"line":164,"column":96}},"13":{"start":{"line":166,"column":4},"end":{"line":343,"column":5}},"14":{"start":{"line":173,"column":8},"end":{"line":225,"column":10},"skip":true},"15":{"start":{"line":174,"column":12},"end":{"line":192,"column":13},"skip":true},"16":{"start":{"line":180,"column":16},"end":{"line":191,"column":19},"skip":true},"17":{"start":{"line":183,"column":20},"end":{"line":190,"column":21},"skip":true},"18":{"start":{"line":186,"column":24},"end":{"line":186,"column":43},"skip":true},"19":{"start":{"line":187,"column":24},"end":{"line":187,"column":30},"skip":true},"20":{"start":{"line":189,"column":24},"end":{"line":189,"column":49},"skip":true},"21":{"start":{"line":193,"column":12},"end":{"line":211,"column":13},"skip":true},"22":{"start":{"line":196,"column":16},"end":{"line":206,"column":17},"skip":true},"23":{"start":{"line":197,"column":20},"end":{"line":197,"column":88},"skip":true},"24":{"start":{"line":198,"column":20},"end":{"line":199,"column":45},"skip":true},"25":{"start":{"line":200,"column":20},"end":{"line":200,"column":42},"skip":true},"26":{"start":{"line":201,"column":20},"end":{"line":201,"column":48},"skip":true},"27":{"start":{"line":204,"column":20},"end":{"line":204,"column":86},"skip":true},"28":{"start":{"line":205,"column":20},"end":{"line":205,"column":96},"skip":true},"29":{"start":{"line":207,"column":16},"end":{"line":207,"column":22},"skip":true},"30":{"start":{"line":210,"column":16},"end":{"line":210,"column":22},"skip":true},"31":{"start":{"line":212,"column":12},"end":{"line":224,"column":13},"skip":true},"32":{"start":{"line":218,"column":16},"end":{"line":223,"column":17},"skip":true},"33":{"start":{"line":220,"column":20},"end":{"line":220,"column":78},"skip":true},"34":{"start":{"line":222,"column":20},"end":{"line":222,"column":47},"skip":true},"35":{"start":{"line":227,"column":8},"end":{"line":245,"column":11},"skip":true},"36":{"start":{"line":228,"column":12},"end":{"line":228,"column":54},"skip":true},"37":{"start":{"line":229,"column":12},"end":{"line":244,"column":14},"skip":true},"38":{"start":{"line":230,"column":16},"end":{"line":230,"column":28},"skip":true},"39":{"start":{"line":231,"column":16},"end":{"line":231,"column":69},"skip":true},"40":{"start":{"line":232,"column":16},"end":{"line":232,"column":75},"skip":true},"41":{"start":{"line":233,"column":16},"end":{"line":235,"column":17},"skip":true},"42":{"start":{"line":234,"column":20},"end":{"line":234,"column":27},"skip":true},"43":{"start":{"line":237,"column":16},"end":{"line":241,"column":36},"skip":true},"44":{"start":{"line":238,"column":20},"end":{"line":240,"column":55},"skip":true},"45":{"start":{"line":243,"column":16},"end":{"line":243,"column":57},"skip":true},"46":{"start":{"line":247,"column":8},"end":{"line":251,"column":11},"skip":true},"47":{"start":{"line":248,"column":12},"end":{"line":250,"column":15},"skip":true},"48":{"start":{"line":249,"column":16},"end":{"line":249,"column":70},"skip":true},"49":{"start":{"line":253,"column":8},"end":{"line":253,"column":31},"skip":true},"50":{"start":{"line":254,"column":8},"end":{"line":254,"column":14},"skip":true},"51":{"start":{"line":262,"column":8},"end":{"line":262,"column":31},"skip":true},"52":{"start":{"line":264,"column":8},"end":{"line":268,"column":11},"skip":true},"53":{"start":{"line":265,"column":12},"end":{"line":267,"column":13},"skip":true},"54":{"start":{"line":266,"column":16},"end":{"line":266,"column":42},"skip":true},"55":{"start":{"line":270,"column":8},"end":{"line":270,"column":50},"skip":true},"56":{"start":{"line":271,"column":8},"end":{"line":285,"column":11},"skip":true},"57":{"start":{"line":277,"column":12},"end":{"line":277,"column":30},"skip":true},"58":{"start":{"line":278,"column":12},"end":{"line":278,"column":66},"skip":true},"59":{"start":{"line":279,"column":12},"end":{"line":284,"column":13},"skip":true},"60":{"start":{"line":280,"column":16},"end":{"line":283,"column":18},"skip":true},"61":{"start":{"line":286,"column":8},"end":{"line":304,"column":15},"skip":true},"62":{"start":{"line":291,"column":16},"end":{"line":291,"column":31},"skip":true},"63":{"start":{"line":292,"column":16},"end":{"line":303,"column":17},"skip":true},"64":{"start":{"line":294,"column":20},"end":{"line":294,"column":60},"skip":true},"65":{"start":{"line":296,"column":20},"end":{"line":296,"column":51},"skip":true},"66":{"start":{"line":298,"column":20},"end":{"line":298,"column":51},"skip":true},"67":{"start":{"line":300,"column":20},"end":{"line":300,"column":35},"skip":true},"68":{"start":{"line":302,"column":20},"end":{"line":302,"column":34},"skip":true},"69":{"start":{"line":306,"column":8},"end":{"line":308,"column":9},"skip":true},"70":{"start":{"line":307,"column":12},"end":{"line":307,"column":18},"skip":true},"71":{"start":{"line":309,"column":8},"end":{"line":311,"column":54},"skip":true},"72":{"start":{"line":314,"column":8},"end":{"line":319,"column":37},"skip":true},"73":{"start":{"line":321,"column":8},"end":{"line":321,"column":82},"skip":true},"74":{"start":{"line":324,"column":8},"end":{"line":326,"column":9},"skip":true},"75":{"start":{"line":325,"column":12},"end":{"line":325,"column":82},"skip":true},"76":{"start":{"line":328,"column":8},"end":{"line":330,"column":9},"skip":true},"77":{"start":{"line":329,"column":12},"end":{"line":329,"column":18},"skip":true},"78":{"start":{"line":331,"column":8},"end":{"line":331,"column":54},"skip":true},"79":{"start":{"line":332,"column":8},"end":{"line":332,"column":69},"skip":true},"80":{"start":{"line":333,"column":8},"end":{"line":341,"column":36},"skip":true},"81":{"start":{"line":334,"column":12},"end":{"line":334,"column":61},"skip":true},"82":{"start":{"line":335,"column":12},"end":{"line":338,"column":13},"skip":true},"83":{"start":{"line":336,"column":16},"end":{"line":336,"column":75},"skip":true},"84":{"start":{"line":337,"column":16},"end":{"line":337,"column":23},"skip":true},"85":{"start":{"line":339,"column":12},"end":{"line":339,"column":38},"skip":true},"86":{"start":{"line":340,"column":12},"end":{"line":340,"column":27},"skip":true},"87":{"start":{"line":342,"column":8},"end":{"line":342,"column":14},"skip":true}},"branchMap":{"1":{"line":142,"type":"binary-expr","locations":[{"start":{"line":142,"column":23},"end":{"line":142,"column":62}},{"start":{"line":143,"column":20},"end":{"line":143,"column":70}},{"start":{"line":144,"column":20},"end":{"line":144,"column":71}},{"start":{"line":145,"column":20},"end":{"line":145,"column":29}}]},"2":{"line":147,"type":"binary-expr","locations":[{"start":{"line":147,"column":23},"end":{"line":147,"column":37}},{"start":{"line":148,"column":20},"end":{"line":148,"column":61}},{"start":{"line":149,"column":20},"end":{"line":149,"column":70}},{"start":{"line":150,"column":20},"end":{"line":150,"column":26}}]},"3":{"line":154,"type":"cond-expr","locations":[{"start":{"line":155,"column":14},"end":{"line":155,"column":20}},{"start":{"line":156,"column":14},"end":{"line":156,"column":20}}]},"4":{"line":158,"type":"binary-expr","locations":[{"start":{"line":158,"column":16},"end":{"line":158,"column":44}},{"start":{"line":158,"column":49},"end":{"line":160,"column":43}}]},"5":{"line":158,"type":"cond-expr","locations":[{"start":{"line":159,"column":14},"end":{"line":159,"column":57}},{"start":{"line":160,"column":14},"end":{"line":160,"column":43}}]},"6":{"line":166,"type":"switch","locations":[{"start":{"line":172,"column":4},"end":{"line":254,"column":14},"skip":true},{"start":{"line":260,"column":4},"end":{"line":342,"column":14},"skip":true}]},"7":{"line":174,"type":"if","locations":[{"start":{"line":174,"column":12},"end":{"line":174,"column":12},"skip":true},{"start":{"line":174,"column":12},"end":{"line":174,"column":12},"skip":true}]},"8":{"line":174,"type":"binary-expr","locations":[{"start":{"line":174,"column":16},"end":{"line":174,"column":22},"skip":true},{"start":{"line":174,"column":27},"end":{"line":174,"column":32},"skip":true},{"start":{"line":175,"column":20},"end":{"line":175,"column":39},"skip":true},{"start":{"line":176,"column":20},"end":{"line":176,"column":49},"skip":true},{"start":{"line":177,"column":20},"end":{"line":177,"column":58},"skip":true},{"start":{"line":178,"column":20},"end":{"line":178,"column":69},"skip":true}]},"9":{"line":183,"type":"switch","locations":[{"start":{"line":184,"column":20},"end":{"line":184,"column":33},"skip":true},{"start":{"line":185,"column":20},"end":{"line":187,"column":30},"skip":true},{"start":{"line":188,"column":20},"end":{"line":189,"column":49},"skip":true}]},"10":{"line":193,"type":"switch","locations":[{"start":{"line":194,"column":12},"end":{"line":207,"column":22},"skip":true},{"start":{"line":209,"column":12},"end":{"line":210,"column":22},"skip":true}]},"11":{"line":193,"type":"binary-expr","locations":[{"start":{"line":193,"column":20},"end":{"line":193,"column":25},"skip":true},{"start":{"line":193,"column":29},"end":{"line":193,"column":48},"skip":true},{"start":{"line":193,"column":52},"end":{"line":193,"column":74},"skip":true}]},"12":{"line":196,"type":"if","locations":[{"start":{"line":196,"column":16},"end":{"line":196,"column":16},"skip":true},{"start":{"line":196,"column":16},"end":{"line":196,"column":16},"skip":true}]},"13":{"line":212,"type":"if","locations":[{"start":{"line":212,"column":12},"end":{"line":212,"column":12},"skip":true},{"start":{"line":212,"column":12},"end":{"line":212,"column":12},"skip":true}]},"14":{"line":212,"type":"binary-expr","locations":[{"start":{"line":212,"column":16},"end":{"line":212,"column":61},"skip":true},{"start":{"line":212,"column":66},"end":{"line":212,"column":72},"skip":true},{"start":{"line":212,"column":77},"end":{"line":212,"column":82},"skip":true},{"start":{"line":213,"column":20},"end":{"line":213,"column":39},"skip":true},{"start":{"line":214,"column":20},"end":{"line":214,"column":49},"skip":true},{"start":{"line":215,"column":20},"end":{"line":215,"column":58},"skip":true},{"start":{"line":216,"column":20},"end":{"line":216,"column":68},"skip":true}]},"15":{"line":233,"type":"if","locations":[{"start":{"line":233,"column":16},"end":{"line":233,"column":16},"skip":true},{"start":{"line":233,"column":16},"end":{"line":233,"column":16},"skip":true}]},"16":{"line":238,"type":"cond-expr","locations":[{"start":{"line":239,"column":26},"end":{"line":239,"column":29},"skip":true},{"start":{"line":240,"column":26},"end":{"line":240,"column":54},"skip":true}]},"17":{"line":265,"type":"if","locations":[{"start":{"line":265,"column":12},"end":{"line":265,"column":12},"skip":true},{"start":{"line":265,"column":12},"end":{"line":265,"column":12},"skip":true}]},"18":{"line":265,"type":"binary-expr","locations":[{"start":{"line":265,"column":16},"end":{"line":265,"column":27},"skip":true},{"start":{"line":265,"column":31},"end":{"line":265,"column":57},"skip":true}]},"19":{"line":270,"type":"binary-expr","locations":[{"start":{"line":270,"column":27},"end":{"line":270,"column":43},"skip":true},{"start":{"line":270,"column":47},"end":{"line":270,"column":49},"skip":true}]},"20":{"line":278,"type":"binary-expr","locations":[{"start":{"line":278,"column":37},"end":{"line":278,"column":59},"skip":true},{"start":{"line":278,"column":63},"end":{"line":278,"column":65},"skip":true}]},"21":{"line":279,"type":"if","locations":[{"start":{"line":279,"column":12},"end":{"line":279,"column":12},"skip":true},{"start":{"line":279,"column":12},"end":{"line":279,"column":12},"skip":true}]},"22":{"line":292,"type":"switch","locations":[{"start":{"line":293,"column":16},"end":{"line":294,"column":60},"skip":true},{"start":{"line":295,"column":16},"end":{"line":296,"column":51},"skip":true},{"start":{"line":297,"column":16},"end":{"line":298,"column":51},"skip":true},{"start":{"line":299,"column":16},"end":{"line":300,"column":35},"skip":true},{"start":{"line":301,"column":16},"end":{"line":302,"column":34},"skip":true}]},"23":{"line":306,"type":"if","locations":[{"start":{"line":306,"column":8},"end":{"line":306,"column":8},"skip":true},{"start":{"line":306,"column":8},"end":{"line":306,"column":8},"skip":true}]},"24":{"line":306,"type":"binary-expr","locations":[{"start":{"line":306,"column":12},"end":{"line":306,"column":35},"skip":true},{"start":{"line":306,"column":39},"end":{"line":306,"column":67},"skip":true}]},"25":{"line":310,"type":"binary-expr","locations":[{"start":{"line":310,"column":12},"end":{"line":310,"column":50},"skip":true},{"start":{"line":311,"column":12},"end":{"line":311,"column":53},"skip":true}]},"26":{"line":315,"type":"binary-expr","locations":[{"start":{"line":315,"column":12},"end":{"line":315,"column":64},"skip":true},{"start":{"line":316,"column":12},"end":{"line":319,"column":36},"skip":true}]},"27":{"line":321,"type":"binary-expr","locations":[{"start":{"line":321,"column":43},"end":{"line":321,"column":75},"skip":true},{"start":{"line":321,"column":79},"end":{"line":321,"column":81},"skip":true}]},"28":{"line":324,"type":"if","locations":[{"start":{"line":324,"column":8},"end":{"line":324,"column":8},"skip":true},{"start":{"line":324,"column":8},"end":{"line":324,"column":8},"skip":true}]},"29":{"line":328,"type":"if","locations":[{"start":{"line":328,"column":8},"end":{"line":328,"column":8},"skip":true},{"start":{"line":328,"column":8},"end":{"line":328,"column":8},"skip":true}]},"30":{"line":331,"type":"binary-expr","locations":[{"start":{"line":331,"column":27},"end":{"line":331,"column":43},"skip":true},{"start":{"line":331,"column":47},"end":{"line":331,"column":53},"skip":true}]},"31":{"line":335,"type":"if","locations":[{"start":{"line":335,"column":12},"end":{"line":335,"column":12},"skip":true},{"start":{"line":335,"column":12},"end":{"line":335,"column":12},"skip":true}]}},"code":["","","","","","","","","","","","","","","","","","","","","","","","","","","","","","","","","","","","","","","","","","","","","","","","","","","","","","","","","","","","","","","","","","","","","","","","","","","","","","","","","","","","","","","","","","","","","","","","","","","","","","","/*","example.js","","this script will run a web demo of swgg-google-translate","","instruction","    1. save this script as example.js","    2. run the shell command:","        $ npm install swgg-google-translate && PORT=8081 node example.js","    3. open a browser to http://127.0.0.1:8081 and play with the web demo","    4. edit this script to suit your needs","*/","","","","/* istanbul instrument in package swgg_google_translate */","/*jslint","    bitwise: true,","    browser: true,","    maxerr: 8,","    maxlen: 100,","    node: true,","    nomen: true,","    regexp: true,","    stupid: true","*/","(function () {","    'use strict';","    var local;","","","","    // run shared js-env code - init-before","    (function () {","        // init local","        local = {};","        // init modeJs","        local.modeJs = (function () {","            try {","                return typeof navigator.userAgent === 'string' &&","                    typeof document.querySelector('body') === 'object' &&","                    typeof XMLHttpRequest.prototype.open === 'function' &&","                    'browser';","            } catch (errorCaughtBrowser) {","                return module.exports &&","                    typeof process.versions.node === 'string' &&","                    typeof require('http').createServer === 'function' &&","                    'node';","            }","        }());","        // init global","        local.global = local.modeJs === 'browser'","            ? window","            : global;","        // init utility2_rollup","        local = local.global.utility2_rollup || (local.modeJs === 'browser'","            ? local.global.utility2_swgg_google_translate","            : global.utility2_moduleExports);","        // init exports","        local.global.local = local;","        // init assets","        local.assetsDict['/assets.index.template.html'] = local.assetsDict['/assets.swgg.html'];","    }());","    switch (local.modeJs) {","","","","    // run browser js-env code - init-test","    /* istanbul ignore next */","    case 'browser':","        local.testRunBrowser = function (event) {","            if (!event || (event &&","                    event.currentTarget &&","                    event.currentTarget.className &&","                    event.currentTarget.className.includes &&","                    event.currentTarget.className.includes('onreset'))) {","                // reset output","                Array.from(","                    document.querySelectorAll('body > .resettable')","                ).forEach(function (element) {","                    switch (element.tagName) {","                    case 'INPUT':","                    case 'TEXTAREA':","                        element.value = '';","                        break;","                    default:","                        element.textContent = '';","                    }","                });","            }","            switch (event && event.currentTarget && event.currentTarget.id) {","            case 'testRunButton1':","                // show tests","                if (document.querySelector('#testReportDiv1').style.maxHeight === '0px') {","                    local.uiAnimateSlideDown(document.querySelector('#testReportDiv1'));","                    document.querySelector('#testRunButton1').textContent =","                        'hide internal test';","                    local.modeTest = true;","                    local.testRunDefault(local);","                // hide tests","                } else {","                    local.uiAnimateSlideUp(document.querySelector('#testReportDiv1'));","                    document.querySelector('#testRunButton1').textContent = 'run internal test';","                }","                break;","            // custom-case","            default:","                break;","            }","            if (document.querySelector('#inputTextareaEval1') && (!event || (event &&","                    event.currentTarget &&","                    event.currentTarget.className &&","                    event.currentTarget.className.includes &&","                    event.currentTarget.className.includes('oneval')))) {","                // try to eval input-code","                try {","                    /*jslint evil: true*/","                    eval(document.querySelector('#inputTextareaEval1').value);","                } catch (errorCaught) {","                    console.error(errorCaught);","                }","            }","        };","        // log stderr and stdout to #outputTextareaStdout1","        ['error', 'log'].forEach(function (key) {","            console[key + '_original'] = console[key];","            console[key] = function () {","                var element;","                console[key + '_original'].apply(console, arguments);","                element = document.querySelector('#outputTextareaStdout1');","                if (!element) {","                    return;","                }","                // append text to #outputTextareaStdout1","                element.value += Array.from(arguments).map(function (arg) {","                    return typeof arg === 'string'","                        ? arg","                        : JSON.stringify(arg, null, 4);","                }).join(' ') + '\\n';","                // scroll textarea to bottom","                element.scrollTop = element.scrollHeight;","            };","        });","        // init event-handling","        ['change', 'click', 'keyup'].forEach(function (event) {","            Array.from(document.querySelectorAll('.on' + event)).forEach(function (element) {","                element.addEventListener(event, local.testRunBrowser);","            });","        });","        // run tests","        local.testRunBrowser();","        break;","","","","    // run node js-env code - init-test","    /* istanbul ignore next */","    case 'node':","        // init exports","        module.exports = local;","        // require builtins","        Object.keys(process.binding('natives')).forEach(function (key) {","            if (!local[key] && !(/\\/|^_|^sys$/).test(key)) {","                local[key] = require(key);","            }","        });","        // init assets","        local.assetsDict = local.assetsDict || {};","        [","            'assets.index.css',","            'assets.index.template.html',","            'assets.swgg.swagger.json',","            'assets.swgg.swagger.server.json'","        ].forEach(function (file) {","            file = '/' + file;","            local.assetsDict[file] = local.assetsDict[file] || '';","            if (local.fs.existsSync(local.__dirname + file)) {","                local.assetsDict[file] = local.fs.readFileSync(","                    local.__dirname + file,","                    'utf8'","                );","            }","        });","        local.assetsDict['/'] =","            local.assetsDict['/assets.example.html'] =","            local.assetsDict['/assets.index.template.html']","            .replace((/\\{\\{env\\.(\\w+?)\\}\\}/g), function (match0, match1) {","                // jslint-hack","                String(match0);","                switch (match1) {","                case 'npm_package_description':","                    return 'the greatest app in the world!';","                case 'npm_package_name':","                    return 'swgg-google-translate';","                case 'npm_package_nameLib':","                    return 'swgg_google_translate';","                case 'npm_package_version':","                    return '0.0.1';","                default:","                    return match0;","                }","            });","        // init cli","        if (module !== require.main || local.global.utility2_rollup) {","            break;","        }","        local.assetsDict['/assets.example.js'] =","            local.assetsDict['/assets.example.js'] ||","            local.fs.readFileSync(__filename, 'utf8');","        // bug-workaround - long $npm_package_buildCustomOrg","        /* jslint-ignore-begin */","        local.assetsDict['/assets.swgg_google_translate.js'] =","            local.assetsDict['/assets.swgg_google_translate.js'] ||","            local.fs.readFileSync(","                local.__dirname + '/lib.swgg_google_translate.js',","                'utf8'","            ).replace((/^#!/), '//');","        /* jslint-ignore-end */","        local.assetsDict['/favicon.ico'] = local.assetsDict['/favicon.ico'] || '';","        // if $npm_config_timeout_exit exists,","        // then exit this process after $npm_config_timeout_exit ms","        if (Number(process.env.npm_config_timeout_exit)) {","            setTimeout(process.exit, Number(process.env.npm_config_timeout_exit));","        }","        // start server","        if (local.global.utility2_serverHttp1) {","            break;","        }","        process.env.PORT = process.env.PORT || '8081';","        console.error('server starting on port ' + process.env.PORT);","        local.http.createServer(function (request, response) {","            request.urlParsed = local.url.parse(request.url);","            if (local.assetsDict[request.urlParsed.pathname] !== undefined) {","                response.end(local.assetsDict[request.urlParsed.pathname]);","                return;","            }","            response.statusCode = 404;","            response.end();","        }).listen(process.env.PORT);","        break;","    }","}());"],"l":{"129":2,"131":2,"136":2,"138":2,"140":2,"141":2,"142":2,"147":1,"154":2,"158":2,"162":2,"164":2,"166":1,"173":1,"174":1,"180":1,"183":1,"186":1,"187":1,"189":1,"193":1,"196":1,"197":1,"198":1,"200":1,"201":1,"204":1,"205":1,"207":1,"210":1,"212":1,"218":1,"220":1,"222":1,"227":1,"228":1,"229":1,"230":1,"231":1,"232":1,"233":1,"234":1,"237":1,"238":1,"243":1,"247":1,"248":1,"249":1,"253":1,"254":1,"262":1,"264":1,"265":83,"266":1,"270":1,"271":1,"277":4,"278":4,"279":4,"280":1,"286":1,"291":1,"292":1,"294":1,"296":1,"298":1,"300":1,"302":1,"306":1,"307":1,"309":1,"314":1,"321":1,"324":1,"325":1,"328":1,"329":1,"331":1,"332":1,"333":1,"334":1,"335":1,"336":1,"337":1,"339":1,"340":1,"342":1}}}